2025-08-06 20:32:05,520 [DEBUG] Starting new HTTPS connection (1): lnbits.nsnip.io:443
2025-08-06 20:32:05,852 [DEBUG] https://lnbits.nsnip.io:443 "POST /api/v1/auth HTTP/1.1" 200 297
2025-08-06 20:32:05,854 [DEBUG] ✅ Admin cookie received.
2025-08-06 20:32:05,856 [DEBUG] 
================================================================================
2025-08-06 20:32:05,856 [DEBUG] 🚀 [USER] Starte Erstellung für Benutzer: ggggggg333
2025-08-06 20:32:05,856 [DEBUG] ================================================================================
2025-08-06 20:32:05,875 [DEBUG] 🔐 Generated Nostr keys for ggggggg333:
{
  "privkey_hex": "f1154400d3c8796d8ce3ddf5114fec5982d70aabd5f13f4a4176e8545e6d46cd",
  "pubkey_hex": "0047a505de63599fd64d5de2caba8f742e9fba633c7193c6036976ea88f8e74e",
  "nsec": "nsec17y25gqxnepukmr8rmh63znlvtxpdwz4t6hcn7jjpwm59ghndgmxs6q25vk",
  "npub": "npub1qpr62pw7vdvel4jdth3v4w50wshflwnr83ce83srd9mw4z8cua8qhdmkra",
  "mnemonic": "segment claim clown dismiss release electric receive fragile link fresh coconut wage"
}
2025-08-06 20:32:05,924 [DEBUG] https://lnbits.nsnip.io:443 "POST /api/v1/account HTTP/1.1" 200 387
2025-08-06 20:32:05,924 [DEBUG] 
🆔 Benutzer-ID: d966b1011ab545dcb5e79e3f999cf1d3, AdminKey: e48fe06e45224ccb8768005d303cfcca
2025-08-06 20:32:05,953 [DEBUG] https://lnbits.nsnip.io:443 "GET /users/api/v1/user/d966b1011ab545dcb5e79e3f999cf1d3/wallet HTTP/1.1" 200 389
2025-08-06 20:32:05,954 [DEBUG] 💼 Wallet-ID: 3353d122202d452aa9efb37428c88829
2025-08-06 20:32:05,954 [DEBUG] 🔑 Wallet inkey: d9e62aae2ca44d7ebf1d9ef3631778e7
2025-08-06 20:32:05,991 [DEBUG] https://lnbits.nsnip.io:443 "PUT /users/api/v1/user/d966b1011ab545dcb5e79e3f999cf1d3 HTTP/1.1" 200 423
2025-08-06 20:32:06,032 [DEBUG] https://lnbits.nsnip.io:443 "PUT /api/v1/extension/lnurlp/activate?usr=d966b1011ab545dcb5e79e3f999cf1d3 HTTP/1.1" 200 58
2025-08-06 20:32:06,075 [DEBUG] https://lnbits.nsnip.io:443 "PUT /api/v1/extension/lndhub/activate?usr=d966b1011ab545dcb5e79e3f999cf1d3 HTTP/1.1" 200 58
2025-08-06 20:32:06,115 [DEBUG] https://lnbits.nsnip.io:443 "PUT /api/v1/extension/nwcprovider/activate?usr=d966b1011ab545dcb5e79e3f999cf1d3 HTTP/1.1" 200 63
2025-08-06 20:32:08,113 [DEBUG] https://lnbits.nsnip.io:443 "POST /nostrnip5/api/v1/public/domain/jUGMtFMYzA2e4w7wmnfaWj/address HTTP/1.1" 201 802
2025-08-06 20:32:08,115 [DEBUG] 
================================================================================
2025-08-06 20:32:08,115 [DEBUG] 🔑 [NWC] Starte NWC-Schlüssel-Erstellung für Benutzer: ggggggg333
2025-08-06 20:32:08,116 [DEBUG] 🔧 Wallet-ID: 3353d122202d452aa9efb37428c88829
2025-08-06 20:32:08,116 [DEBUG] 🔐 Benutzer-AdminKey: e48fe06e45224ccb8768005d303cfcca
2025-08-06 20:32:08,116 [DEBUG] 🧠 Expected user pubkey_hex: 0047a505de63599fd64d5de2caba8f742e9fba633c7193c6036976ea88f8e74e
2025-08-06 20:32:08,116 [DEBUG] 📅 created_at: 1754497928
2025-08-06 20:32:08,116 [DEBUG] ================================================================================

2025-08-06 20:32:08,116 [DEBUG] 
================================================================================
2025-08-06 20:32:08,117 [DEBUG] 🔑 [NWC] Starte NWC-Schlüssel-Erstellung für Benutzer: ggggggg333
2025-08-06 20:32:08,117 [DEBUG] 🔧 Wallet-ID: 3353d122202d452aa9efb37428c88829
2025-08-06 20:32:08,117 [DEBUG] 🔐 Benutzer-AdminKey: e48fe06e45224ccb8768005d303cfcca
2025-08-06 20:32:08,117 [DEBUG] 📅 Timestamp (created_at): 1754497928
2025-08-06 20:32:08,117 [DEBUG] ================================================================================

2025-08-06 20:32:08,118 [DEBUG] 📡 Schritt 1: Secret erzeugt: e582710b39c4d4c663f7191b6cf556ec075827ea3890bafa0196d72564c3734c
2025-08-06 20:32:08,118 [DEBUG] ✅ Schritt 2: Pubkey aus Secret generiert (nwcprovider-style): cede38604d46d84c6689b896b56f9b8dbfdaf647a0f7a7bc7dae8153e682df9b
2025-08-06 20:32:08,118 [DEBUG] 
🛠 Schritt 3: Senden des PUT-Requests zur Erstellung des NWC-Schlüssels
2025-08-06 20:32:08,118 [DEBUG] ➡️  PUT https://lnbits.nsnip.io/nwcprovider/api/v1/nwc/cede38604d46d84c6689b896b56f9b8dbfdaf647a0f7a7bc7dae8153e682df9b
2025-08-06 20:32:08,119 [DEBUG] 📤 Payload:
{
  "description": "ggggggg333",
  "expires_at": 0,
  "permissions": [
    "pay",
    "invoice",
    "lookup",
    "history",
    "balance",
    "info"
  ],
  "budgets": [
    {
      "pubkey": "cede38604d46d84c6689b896b56f9b8dbfdaf647a0f7a7bc7dae8153e682df9b",
      "budget_msats": 0,
      "refresh_window": 86400,
      "created_at": 1754497928
    }
  ]
}
2025-08-06 20:32:08,153 [DEBUG] https://lnbits.nsnip.io:443 "PUT /nwcprovider/api/v1/nwc/cede38604d46d84c6689b896b56f9b8dbfdaf647a0f7a7bc7dae8153e682df9b HTTP/1.1" 201 460
2025-08-06 20:32:08,154 [DEBUG] ✅ NWC-Schlüssel erfolgreich erstellt.
2025-08-06 20:32:08,154 [DEBUG] 
🔗 Schritt 4: Fertiger NWC-Link: nostr+walletconnect://cede38604d46d84c6689b896b56f9b8dbfdaf647a0f7a7bc7dae8153e682df9b?relay=wss://lnbits.nsnip.io/nostrclient/api/v1/relay&secret=e582710b39c4d4c663f7191b6cf556ec075827ea3890bafa0196d72564c3734c
2025-08-06 20:32:08,154 [WARNING] ⚠️ Pubkey differs from user pubkey!
2025-08-06 20:32:08,154 [WARNING]     Expected: 0047a505de63599fd64d5de2caba8f742e9fba633c7193c6036976ea88f8e74e
2025-08-06 20:32:08,154 [WARNING]     Actual: cede38604d46d84c6689b896b56f9b8dbfdaf647a0f7a7bc7dae8153e682df9b
2025-08-06 20:32:08,200 [DEBUG] https://lnbits.nsnip.io:443 "POST /lnurlp/api/v1/links HTTP/1.1" 201 549
2025-08-06 20:32:08,202 [INFO] ✅ User successfully created.
